2024-06-11T07:00:47+00:00 ERROR Error getting data feed
2024-06-11T07:00:47+00:00 ERROR WP_Error Object
(
    [errors] => Array
        (
            [http_request_failed] => Array
                (
                    [0] => cURL error 28: Operation timed out after 5000 milliseconds with 0 bytes received
                )

        )

    [error_data] => Array
        (
        )

    [additional_data:protected] => Array
        (
        )

)

2024-06-11T07:00:57+00:00 ERROR Error getting data feed
2024-06-11T07:00:57+00:00 ERROR WP_Error Object
(
    [errors] => Array
        (
            [http_request_failed] => Array
                (
                    [0] => cURL error 28: Operation timed out after 5001 milliseconds with 0 bytes received
                )

        )

    [error_data] => Array
        (
        )

    [additional_data:protected] => Array
        (
        )

)

2024-06-11T07:01:02+00:00 ERROR Error getting data feed
2024-06-11T07:01:02+00:00 ERROR WP_Error Object
(
    [errors] => Array
        (
            [http_request_failed] => Array
                (
                    [0] => cURL error 28: Operation timed out after 5000 milliseconds with 0 out of 0 bytes received
                )

        )

    [error_data] => Array
        (
        )

    [additional_data:protected] => Array
        (
        )

)

2024-06-11T07:01:18+00:00 ERROR Empty response in data feed
2024-06-11T07:01:19+00:00 ERROR Empty response in data feed
2024-06-11T07:01:19+00:00 ERROR Empty response in data feed
2024-06-11T07:01:20+00:00 ERROR Empty response in data feed
2024-06-11T07:01:23+00:00 ERROR Empty response in data feed
2024-06-11T07:01:24+00:00 ERROR Empty response in data feed
2024-06-11T07:01:25+00:00 ERROR Empty response in data feed
2024-06-11T07:01:26+00:00 ERROR Empty response in data feed
2024-06-11T07:01:26+00:00 ERROR Empty response in data feed
2024-06-11T07:01:28+00:00 ERROR Empty response in data feed
2024-06-11T07:01:28+00:00 ERROR Empty response in data feed
2024-06-11T07:01:29+00:00 ERROR Empty response in data feed
2024-06-11T07:01:29+00:00 ERROR Empty response in data feed
2024-06-11T07:01:31+00:00 ERROR Empty response in data feed
2024-06-11T07:01:31+00:00 ERROR Empty response in data feed
